<INFO> 1-Feb-2022::10:27:36.687 NWAGERTH-M-90GM ncs[9839]: audit user: admin/41 assigned to groups: admin,staff,everyone,localaccounts,_appserverusr,_appserveradm,_lpadmin,com.apple.sharepoint.group.1,_appstore,_lpoperator,_developer,_analyticsusers,com.apple.access_ftp,com.apple.access_screensharing,com.apple.access_ssh,com.apple.access_remote_ae
<INFO> 1-Feb-2022::10:27:36.687 NWAGERTH-M-90GM ncs[9839]: audit user: admin/41 created new session via cli from 127.0.0.1:0 with console
<INFO> 1-Feb-2022::10:27:49.503 NWAGERTH-M-90GM ncs[9839]: audit user: admin/41 CLI 'packages reload'
<INFO> 1-Feb-2022::10:27:49.787 NWAGERTH-M-90GM ncs[9839]: audit user: admin/41 CLI done
<INFO> 1-Feb-2022::10:27:53.253 NWAGERTH-M-90GM ncs[9839]: audit user: admin/41 CLI 'config'
<INFO> 1-Feb-2022::10:27:53.260 NWAGERTH-M-90GM ncs[9839]: audit user: admin/41 CLI done
<INFO> 1-Feb-2022::10:29:11.529 NWAGERTH-M-90GM ncs[9839]: audit user: admin/41 CLI 'events devdays-event developerdays'
<INFO> 1-Feb-2022::10:29:11.542 NWAGERTH-M-90GM ncs[9839]: audit user: admin/41 CLI done
<INFO> 1-Feb-2022::10:29:14.517 NWAGERTH-M-90GM ncs[9839]: audit user: admin/41 CLI 'exit'
<INFO> 1-Feb-2022::10:29:14.525 NWAGERTH-M-90GM ncs[9839]: audit user: admin/41 CLI done
<INFO> 1-Feb-2022::10:29:19.130 NWAGERTH-M-90GM ncs[9839]: audit user: admin/41 CLI 'exit'
<INFO> 1-Feb-2022::10:29:22.099 NWAGERTH-M-90GM ncs[9839]: audit user: admin/41 CLI done
<INFO> 1-Feb-2022::10:29:24.417 NWAGERTH-M-90GM ncs[9839]: audit user: admin/41 CLI 'exit'
<INFO> 1-Feb-2022::10:29:24.619 NWAGERTH-M-90GM ncs[9839]: audit user: admin/41 terminated session (reason: normal)
<INFO> 1-Feb-2022::10:41:39.469 NWAGERTH-M-90GM ncs[14240]: audit user: admin/39 assigned to groups: admin,staff,everyone,localaccounts,_appserverusr,_appserveradm,_lpadmin,com.apple.sharepoint.group.1,_appstore,_lpoperator,_developer,_analyticsusers,com.apple.access_ftp,com.apple.access_screensharing,com.apple.access_ssh,com.apple.access_remote_ae
<INFO> 1-Feb-2022::10:41:39.469 NWAGERTH-M-90GM ncs[14240]: audit user: admin/39 created new session via cli from 127.0.0.1:0 with console
<INFO> 1-Feb-2022::10:41:45.213 NWAGERTH-M-90GM ncs[14240]: audit user: admin/39 CLI 'packages reload'
<INFO> 1-Feb-2022::10:41:45.370 NWAGERTH-M-90GM ncs[14240]: audit user: admin/39 CLI done
<INFO> 1-Feb-2022::10:41:49.767 NWAGERTH-M-90GM ncs[14240]: audit user: admin/39 CLI 'config'
<INFO> 1-Feb-2022::10:41:49.781 NWAGERTH-M-90GM ncs[14240]: audit user: admin/39 CLI done
<INFO> 1-Feb-2022::10:41:56.660 NWAGERTH-M-90GM ncs[14240]: audit user: admin/39 CLI 'events devdays-event'
<INFO> 1-Feb-2022::10:41:56.679 NWAGERTH-M-90GM ncs[14240]: audit user: admin/39 CLI aborted
<INFO> 1-Feb-2022::10:41:59.848 NWAGERTH-M-90GM ncs[14240]: audit user: admin/39 CLI 'end'
<INFO> 1-Feb-2022::10:41:59.856 NWAGERTH-M-90GM ncs[14240]: audit user: admin/39 CLI done
<INFO> 1-Feb-2022::10:42:03.224 NWAGERTH-M-90GM ncs[14240]: audit user: admin/39 CLI 'exit'
<INFO> 1-Feb-2022::10:42:03.425 NWAGERTH-M-90GM ncs[14240]: audit user: admin/39 terminated session (reason: normal)
