1-Feb-2022::10:26:19.048 evaluating: /cluster/commit-queue/enabled:  . = 'false' or
not (/cluster/remote-node
       [not (username)]
       [deref(authgroup)/../default-map[same-user or same-pass]])
1-Feb-2022::10:26:19.056 get_elem(/cluster/commit-queue/enabled) = false
1-Feb-2022::10:26:19.056 result: /cluster/commit-queue/enabled: true
1-Feb-2022::10:26:19.056 evaluating: /cluster/device-notifications/enabled:  . = 'false' or
not (/cluster/remote-node
       [not (username)]
       [deref(authgroup)/../default-map[same-user or same-pass]])
1-Feb-2022::10:26:19.057 get_elem(/cluster/device-notifications/enabled) = false
1-Feb-2022::10:26:19.057 result: /cluster/device-notifications/enabled: true
1-Feb-2022::10:26:19.057 evaluating: /devices/authgroups/snmp-group[name='default']/umap[local-user='admin']/usm/security-level: (. = 'auth-priv' and ../priv) or (. != 'auth-priv')
1-Feb-2022::10:26:19.057 get_elem(/devices/authgroups/snmp-group[name='default']/umap[local-user='admin']/usm/security-level) = auth-priv
1-Feb-2022::10:26:19.057 exists(/devices/authgroups/snmp-group[name='default']/umap[local-user='admin']/usm/priv) = true
1-Feb-2022::10:26:19.057 result: /devices/authgroups/snmp-group[name='default']/umap[local-user='admin']/usm/security-level: true
1-Feb-2022::10:26:19.057 evaluating: /devices/authgroups/snmp-group[name='default']/umap[local-user='admin']/usm/security-level: . = 'no-auth-no-priv' or ../auth
1-Feb-2022::10:26:19.058 get_elem(/devices/authgroups/snmp-group[name='default']/umap[local-user='admin']/usm/security-level) = auth-priv [cached]
1-Feb-2022::10:26:19.058 exists(/devices/authgroups/snmp-group[name='default']/umap[local-user='admin']/usm/auth) = true
1-Feb-2022::10:26:19.058 result: /devices/authgroups/snmp-group[name='default']/umap[local-user='admin']/usm/security-level: true
1-Feb-2022::10:26:19.058 evaluating: /devices/authgroups/snmp-group[name='default']/umap[local-user='admin']/usm/priv: ../auth
1-Feb-2022::10:26:19.058 exists(/devices/authgroups/snmp-group[name='default']/umap[local-user='admin']/usm/auth) = true [cached]
1-Feb-2022::10:26:19.058 result: /devices/authgroups/snmp-group[name='default']/umap[local-user='admin']/usm/priv: true
1-Feb-2022::10:26:19.067 evaluating: /cluster/commit-queue/enabled:  . = 'false' or ../../remote-node
1-Feb-2022::10:26:19.084 get_elem(/cluster/commit-queue/enabled) = false [cached]
1-Feb-2022::10:26:19.085 result: /cluster/commit-queue/enabled: true
1-Feb-2022::10:26:19.086 evaluating: /cluster/commit-queue/enabled:  . = 'false' or
not (/cluster/remote-node
       [not (username)]
       [deref(authgroup)/../default-map[same-user or same-pass]])
1-Feb-2022::10:26:19.086 get_elem(/cluster/commit-queue/enabled) = false [cached]
1-Feb-2022::10:26:19.086 result: /cluster/commit-queue/enabled: true
1-Feb-2022::10:26:19.087 evaluating: /cluster/device-notifications/enabled:  . = 'false' or ../../remote-node
1-Feb-2022::10:26:19.087 get_elem(/cluster/device-notifications/enabled) = false [cached]
1-Feb-2022::10:26:19.088 result: /cluster/device-notifications/enabled: true
1-Feb-2022::10:26:19.088 evaluating: /cluster/device-notifications/enabled:  . = 'false' or
not (/cluster/remote-node
       [not (username)]
       [deref(authgroup)/../default-map[same-user or same-pass]])
1-Feb-2022::10:26:19.088 get_elem(/cluster/device-notifications/enabled) = false [cached]
1-Feb-2022::10:26:19.088 result: /cluster/device-notifications/enabled: true
1-Feb-2022::10:26:19.864 evaluating: /SNMP-USER-BASED-SM-MIB/usmUserTable/usmUserEntry[usmUserEngineID='80:00:7e:d9:04:74:65:73:74:69:6e:67'][usmUserName='initial']: usmUserPrivProtocol != '1.3.6.1.6.3.10.1.2.2'
1-Feb-2022::10:26:19.864 get_elem(/SNMP-USER-BASED-SM-MIB/usmUserTable/usmUserEntry[usmUserEngineID='80:00:7e:d9:04:74:65:73:74:69:6e:67'][usmUserName='initial']/usmUserPrivProtocol) = 1.3.6.1.6.3.10.1.2.4
1-Feb-2022::10:26:19.864 result: /SNMP-USER-BASED-SM-MIB/usmUserTable/usmUserEntry[usmUserEngineID='80:00:7e:d9:04:74:65:73:74:69:6e:67'][usmUserName='initial']: true
1-Feb-2022::10:26:19.864 evaluating: /SNMP-USER-BASED-SM-MIB/usmUserTable/usmUserEntry[usmUserEngineID='80:00:7e:d9:04:74:65:73:74:69:6e:67'][usmUserName='initial']: usmUserAuthProtocol != '1.3.6.1.6.3.10.1.1.2'
1-Feb-2022::10:26:19.865 get_elem(/SNMP-USER-BASED-SM-MIB/usmUserTable/usmUserEntry[usmUserEngineID='80:00:7e:d9:04:74:65:73:74:69:6e:67'][usmUserName='initial']/usmUserAuthProtocol) = 1.3.6.1.6.3.10.1.1.3
1-Feb-2022::10:26:19.865 result: /SNMP-USER-BASED-SM-MIB/usmUserTable/usmUserEntry[usmUserEngineID='80:00:7e:d9:04:74:65:73:74:69:6e:67'][usmUserName='initial']: true
1-Feb-2022::10:26:19.865 evaluating: /snmp/agent/version/v3: ../../engine-id
1-Feb-2022::10:26:19.865 exists(/snmp/agent/engine-id) = true
1-Feb-2022::10:26:19.865 result: /snmp/agent/version/v3: true
1-Feb-2022::10:26:19.866 evaluating: /snmp/vacm/group[name='initial']/access[sec-model='usm'][sec-level='no-auth-no-priv']/notify-view: /snmp/vacm/view/name
1-Feb-2022::10:26:19.866 get_elem(/snmp/vacm/group[name='initial']/access[sec-model='usm'][sec-level='no-auth-no-priv']/notify-view) = internet
1-Feb-2022::10:26:19.866 exists(/snmp/vacm/view[name='internet']) = true
1-Feb-2022::10:26:19.867 get_elem(/snmp/vacm/group[name='initial']/access[sec-model='usm'][sec-level='no-auth-no-priv']/notify-view) = internet [cached]
1-Feb-2022::10:26:19.867 result: /snmp/vacm/group[name='initial']/access[sec-model='usm'][sec-level='no-auth-no-priv']/notify-view: true
1-Feb-2022::10:26:19.867 evaluating: /snmp/vacm/group[name='initial']/access[sec-model='usm'][sec-level='no-auth-no-priv']/read-view: /snmp/vacm/view/name
1-Feb-2022::10:26:19.867 get_elem(/snmp/vacm/group[name='initial']/access[sec-model='usm'][sec-level='no-auth-no-priv']/read-view) = internet
1-Feb-2022::10:26:19.867 exists(/snmp/vacm/view[name='internet']) = true [cached]
1-Feb-2022::10:26:19.867 get_elem(/snmp/vacm/view[name='internet']/name) = internet [cached]
1-Feb-2022::10:26:19.867 get_elem(/snmp/vacm/group[name='initial']/access[sec-model='usm'][sec-level='no-auth-no-priv']/read-view) = internet [cached]
1-Feb-2022::10:26:19.867 result: /snmp/vacm/group[name='initial']/access[sec-model='usm'][sec-level='no-auth-no-priv']/read-view: true
1-Feb-2022::10:26:19.867 evaluating: /snmp/vacm/group[name='initial']/access[sec-model='usm'][sec-level='auth-no-priv']/notify-view: /snmp/vacm/view/name
1-Feb-2022::10:26:19.868 get_elem(/snmp/vacm/group[name='initial']/access[sec-model='usm'][sec-level='auth-no-priv']/notify-view) = internet
1-Feb-2022::10:26:19.868 exists(/snmp/vacm/view[name='internet']) = true [cached]
1-Feb-2022::10:26:19.868 get_elem(/snmp/vacm/view[name='internet']/name) = internet [cached]
1-Feb-2022::10:26:19.868 get_elem(/snmp/vacm/group[name='initial']/access[sec-model='usm'][sec-level='auth-no-priv']/notify-view) = internet [cached]
1-Feb-2022::10:26:19.868 result: /snmp/vacm/group[name='initial']/access[sec-model='usm'][sec-level='auth-no-priv']/notify-view: true
1-Feb-2022::10:26:19.868 evaluating: /snmp/vacm/group[name='initial']/access[sec-model='usm'][sec-level='auth-no-priv']/read-view: /snmp/vacm/view/name
1-Feb-2022::10:26:19.868 get_elem(/snmp/vacm/group[name='initial']/access[sec-model='usm'][sec-level='auth-no-priv']/read-view) = internet
1-Feb-2022::10:26:19.869 exists(/snmp/vacm/view[name='internet']) = true [cached]
1-Feb-2022::10:26:19.869 get_elem(/snmp/vacm/view[name='internet']/name) = internet [cached]
1-Feb-2022::10:26:19.869 get_elem(/snmp/vacm/group[name='initial']/access[sec-model='usm'][sec-level='auth-no-priv']/read-view) = internet [cached]
1-Feb-2022::10:26:19.869 result: /snmp/vacm/group[name='initial']/access[sec-model='usm'][sec-level='auth-no-priv']/read-view: true
1-Feb-2022::10:26:19.869 evaluating: /snmp/vacm/group[name='initial']/access[sec-model='usm'][sec-level='auth-priv']/notify-view: /snmp/vacm/view/name
1-Feb-2022::10:26:19.869 get_elem(/snmp/vacm/group[name='initial']/access[sec-model='usm'][sec-level='auth-priv']/notify-view) = internet
1-Feb-2022::10:26:19.869 exists(/snmp/vacm/view[name='internet']) = true [cached]
1-Feb-2022::10:26:19.869 get_elem(/snmp/vacm/view[name='internet']/name) = internet [cached]
1-Feb-2022::10:26:19.870 get_elem(/snmp/vacm/group[name='initial']/access[sec-model='usm'][sec-level='auth-priv']/notify-view) = internet [cached]
1-Feb-2022::10:26:19.870 result: /snmp/vacm/group[name='initial']/access[sec-model='usm'][sec-level='auth-priv']/notify-view: true
1-Feb-2022::10:26:19.870 evaluating: /snmp/vacm/group[name='initial']/access[sec-model='usm'][sec-level='auth-priv']/read-view: /snmp/vacm/view/name
1-Feb-2022::10:26:19.870 get_elem(/snmp/vacm/group[name='initial']/access[sec-model='usm'][sec-level='auth-priv']/read-view) = internet
1-Feb-2022::10:26:19.870 exists(/snmp/vacm/view[name='internet']) = true [cached]
1-Feb-2022::10:26:19.870 get_elem(/snmp/vacm/view[name='internet']/name) = internet [cached]
1-Feb-2022::10:26:19.870 get_elem(/snmp/vacm/group[name='initial']/access[sec-model='usm'][sec-level='auth-priv']/read-view) = internet [cached]
1-Feb-2022::10:26:19.870 result: /snmp/vacm/group[name='initial']/access[sec-model='usm'][sec-level='auth-priv']/read-view: true
1-Feb-2022::10:26:19.870 evaluating: /snmp/vacm/group[name='public']/access[sec-model='any'][sec-level='no-auth-no-priv']/notify-view: /snmp/vacm/view/name
1-Feb-2022::10:26:19.871 get_elem(/snmp/vacm/group[name='public']/access[sec-model='any'][sec-level='no-auth-no-priv']/notify-view) = internet
1-Feb-2022::10:26:19.871 exists(/snmp/vacm/view[name='internet']) = true [cached]
1-Feb-2022::10:26:19.871 get_elem(/snmp/vacm/view[name='internet']/name) = internet [cached]
1-Feb-2022::10:26:19.871 get_elem(/snmp/vacm/group[name='public']/access[sec-model='any'][sec-level='no-auth-no-priv']/notify-view) = internet [cached]
1-Feb-2022::10:26:19.871 result: /snmp/vacm/group[name='public']/access[sec-model='any'][sec-level='no-auth-no-priv']/notify-view: true
1-Feb-2022::10:26:19.871 evaluating: /snmp/vacm/group[name='public']/access[sec-model='any'][sec-level='no-auth-no-priv']/read-view: /snmp/vacm/view/name
1-Feb-2022::10:26:19.871 get_elem(/snmp/vacm/group[name='public']/access[sec-model='any'][sec-level='no-auth-no-priv']/read-view) = internet
1-Feb-2022::10:26:19.872 exists(/snmp/vacm/view[name='internet']) = true [cached]
1-Feb-2022::10:26:19.872 get_elem(/snmp/vacm/view[name='internet']/name) = internet [cached]
1-Feb-2022::10:26:19.872 get_elem(/snmp/vacm/group[name='public']/access[sec-model='any'][sec-level='no-auth-no-priv']/read-view) = internet [cached]
1-Feb-2022::10:26:19.872 result: /snmp/vacm/group[name='public']/access[sec-model='any'][sec-level='no-auth-no-priv']/read-view: true
1-Feb-2022::10:26:19.872 evaluating: /snmp/notify[name='foo']/type: . != 'inform' or
count(
  /snmp/target[tag = current()/../tag]/../usm[../agent/engine-id])
= count(
  /snmp/target[tag = current()/../tag]/../usm)
1-Feb-2022::10:26:19.872 get_elem(/snmp/notify[name='foo']/type) = trap
1-Feb-2022::10:26:19.872 result: /snmp/notify[name='foo']/type: true
1-Feb-2022::10:26:19.872 evaluating: /snmp/usm/local/user[name='initial']/priv: ../auth
1-Feb-2022::10:26:19.872 exists(/snmp/usm/local/user[name='initial']/auth) = true
1-Feb-2022::10:26:19.873 result: /snmp/usm/local/user[name='initial']/priv: true
1-Feb-2022::10:26:19.873 evaluating: /snmp/target[name='monitor']/v2c/sec-name: /snmp/community/sec-name
1-Feb-2022::10:26:19.873 get_next(/snmp/community) = {public}
1-Feb-2022::10:26:19.873 get_elem(/snmp/community[index='public']/sec-name) = public
1-Feb-2022::10:26:19.874 get_elem(/snmp/target[name='monitor']/v2c/sec-name) = public
1-Feb-2022::10:26:19.874 result: /snmp/target[name='monitor']/v2c/sec-name: true
1-Feb-2022::10:26:20.596 maapi_xpath_eval_expr(): evaluating: string(count(/devices/device))
1-Feb-2022::10:26:20.596 num_instances(/devices/device) = 0
1-Feb-2022::10:26:20.596 maapi_xpath_eval_expr(): result: 0
1-Feb-2022::10:26:20.596 maapi_xpath_eval_expr(): evaluating: string(count(/devices/device/remote-node))
1-Feb-2022::10:26:20.597 get_next(/devices/device) = false
1-Feb-2022::10:26:20.597 maapi_xpath_eval_expr(): result: 0
1-Feb-2022::10:41:32.160 maapi_xpath_eval_expr(): evaluating: string(count(/devices/device))
1-Feb-2022::10:41:32.165 num_instances(/devices/device) = 0
1-Feb-2022::10:41:32.165 maapi_xpath_eval_expr(): result: 0
1-Feb-2022::10:41:32.165 maapi_xpath_eval_expr(): evaluating: string(count(/devices/device/remote-node))
1-Feb-2022::10:41:32.166 get_next(/devices/device) = false
1-Feb-2022::10:41:32.166 maapi_xpath_eval_expr(): result: 0
